Writing results to output directory 'results/arabidopsis/sei/final2//Motif_Analysis/tomtom'.
Processing query 1 out of 186 
Estimating pi_0 from all 1744 observed p-values.
Estimating pi_0.
Estimated pi_0=0.975062
Processing query 2 out of 186 
Estimating pi_0 from all 1744 observed p-values.
Estimating pi_0.
Estimated pi_0=0.983298
Processing query 3 out of 186 
Estimating pi_0 from all 1744 observed p-values.
Estimating pi_0.
Estimated pi_0=1
Processing query 4 out of 186 
Estimating pi_0 from all 1744 observed p-values.
Estimating pi_0.
Estimated pi_0=0.989033
Processing query 5 out of 186 
Estimating pi_0 from all 1744 observed p-values.
Estimating pi_0.
Estimated pi_0=0.972151
Processing query 6 out of 186 
Estimating pi_0 from all 1744 observed p-values.
Estimating pi_0.
Estimated pi_0=0.988671
Processing query 7 out of 186 
Estimating pi_0 from all 1744 observed p-values.
Estimating pi_0.
Estimated pi_0=0.97448
Processing query 8 out of 186 
Estimating pi_0 from all 1744 observed p-values.
Estimating pi_0.
Estimated pi_0=0.997534
Processing query 9 out of 186 
Estimating pi_0 from all 1744 observed p-values.
Estimating pi_0.
Estimated pi_0=0.989829
Processing query 10 out of 186 
Estimating pi_0 from all 1744 observed p-values.
Estimating pi_0.
Estimated pi_0=0.984038
Processing query 11 out of 186 
Estimating pi_0 from all 1744 observed p-values.
Estimating pi_0.
Estimated pi_0=0.984855
Processing query 12 out of 186 
Estimating pi_0 from all 1744 observed p-values.
Estimating pi_0.
Estimated pi_0=0.929315
Processing query 13 out of 186 
Estimating pi_0 from all 1744 observed p-values.
Estimating pi_0.
Estimated pi_0=0.980301
Processing query 14 out of 186 
Estimating pi_0 from all 1744 observed p-values.
Estimating pi_0.
Estimated pi_0=0.980622
Processing query 15 out of 186 
Estimating pi_0 from all 1744 observed p-values.
Estimating pi_0.
Estimated pi_0=0.994076
Processing query 16 out of 186 
Estimating pi_0 from all 1744 observed p-values.
Estimating pi_0.
Estimated pi_0=0.983981
Processing query 17 out of 186 
Estimating pi_0 from all 1744 observed p-values.
Estimating pi_0.
Estimated pi_0=0.989466
Processing query 18 out of 186 
Estimating pi_0 from all 1744 observed p-values.
Estimating pi_0.
Estimated pi_0=0.892529
Processing query 19 out of 186 
Estimating pi_0 from all 1744 observed p-values.
Estimating pi_0.
Estimated pi_0=0.980563
Processing query 20 out of 186 
Estimating pi_0 from all 1744 observed p-values.
Estimating pi_0.
Estimated pi_0=0.971845
Processing query 21 out of 186 
Estimating pi_0 from all 1744 observed p-values.
Estimating pi_0.
Estimated pi_0=0.950981
Processing query 22 out of 186 
Estimating pi_0 from all 1744 observed p-values.
Estimating pi_0.
Estimated pi_0=0.993884
Processing query 23 out of 186 
Estimating pi_0 from all 1744 observed p-values.
Estimating pi_0.
Estimated pi_0=0.984855
Processing query 24 out of 186 
Estimating pi_0 from all 1744 observed p-values.
Estimating pi_0.
Estimated pi_0=0.975062
Processing query 25 out of 186 
Estimating pi_0 from all 1744 observed p-values.
Estimating pi_0.
Estimated pi_0=0.9684
Processing query 26 out of 186 
Estimating pi_0 from all 1744 observed p-values.
Estimating pi_0.
Estimated pi_0=0.968008
Processing query 27 out of 186 
Estimating pi_0 from all 1744 observed p-values.
Estimating pi_0.
Estimated pi_0=0.973315
Processing query 28 out of 186 
Estimating pi_0 from all 1744 observed p-values.
Estimating pi_0.
Estimated pi_0=0.988092
Processing query 29 out of 186 
Estimating pi_0 from all 1744 observed p-values.
Estimating pi_0.
Estimated pi_0=0.999839
Processing query 30 out of 186 
Estimating pi_0 from all 1744 observed p-values.
Estimating pi_0.
Estimated pi_0=0.981465
Processing query 31 out of 186 
Estimating pi_0 from all 1744 observed p-values.
Estimating pi_0.
Estimated pi_0=0.975644
Processing query 32 out of 186 
Estimating pi_0 from all 1744 observed p-values.
Estimating pi_0.
Estimated pi_0=0.958474
Processing query 33 out of 186 
Estimating pi_0 from all 1744 observed p-values.
Estimating pi_0.
Estimated pi_0=0.990779
Processing query 34 out of 186 
Estimating pi_0 from all 1744 observed p-values.
Estimating pi_0.
Estimated pi_0=0.996381
Processing query 35 out of 186 
Estimating pi_0 from all 1744 observed p-values.
Estimating pi_0.
Estimated pi_0=0.994652
Processing query 36 out of 186 
Estimating pi_0 from all 1744 observed p-values.
Estimating pi_0.
Estimated pi_0=0.983458
Processing query 37 out of 186 
Estimating pi_0 from all 1744 observed p-values.
Estimating pi_0.
Estimated pi_0=0.977696
Processing query 38 out of 186 
Estimating pi_0 from all 1744 observed p-values.
Estimating pi_0.
Estimated pi_0=0.973315
Processing query 39 out of 186 
Estimating pi_0 from all 1744 observed p-values.
Estimating pi_0.
Estimated pi_0=0.950112
Processing query 40 out of 186 
Estimating pi_0 from all 1744 observed p-values.
Estimating pi_0.
Estimated pi_0=1
Processing query 41 out of 186 
Estimating pi_0 from all 1744 observed p-values.
Estimating pi_0.
Estimated pi_0=0.98482
Processing query 42 out of 186 
Estimating pi_0 from all 1744 observed p-values.
Estimating pi_0.
Estimated pi_0=0.982879
Processing query 43 out of 186 
Estimating pi_0 from all 1744 observed p-values.
Estimating pi_0.
Estimated pi_0=0.965166
Processing query 44 out of 186 
Estimating pi_0 from all 1744 observed p-values.
Estimating pi_0.
Estimated pi_0=0.951054
Processing query 45 out of 186 
Estimating pi_0 from all 1744 observed p-values.
Estimating pi_0.
Estimated pi_0=0.97327
Processing query 46 out of 186 
Estimating pi_0 from all 1744 observed p-values.
Estimating pi_0.
Estimated pi_0=0.973015
Processing query 47 out of 186 
Estimating pi_0 from all 1744 observed p-values.
Estimating pi_0.
Estimated pi_0=0.973897
Processing query 48 out of 186 
Estimating pi_0 from all 1744 observed p-values.
Estimating pi_0.
Estimated pi_0=0.9736
Processing query 49 out of 186 
Estimating pi_0 from all 1744 observed p-values.
Estimating pi_0.
Estimated pi_0=0.981142
Processing query 50 out of 186 
Estimating pi_0 from all 1744 observed p-values.
Estimating pi_0.
Estimated pi_0=1
Processing query 51 out of 186 
Estimating pi_0 from all 1744 observed p-values.
Estimating pi_0.
Estimated pi_0=0.963539
Processing query 52 out of 186 
Estimating pi_0 from all 1744 observed p-values.
Estimating pi_0.
Estimated pi_0=0.976226
Processing query 53 out of 186 
Estimating pi_0 from all 1744 observed p-values.
Estimating pi_0.
Estimated pi_0=0.998686
Processing query 54 out of 186 
Estimating pi_0 from all 1744 observed p-values.
Estimating pi_0.
Estimated pi_0=0.977696
Processing query 55 out of 186 
Estimating pi_0 from all 1744 observed p-values.
Estimating pi_0.
Estimated pi_0=0.976808
Processing query 56 out of 186 
Estimating pi_0 from all 1744 observed p-values.
Estimating pi_0.
Estimated pi_0=0.998686
Processing query 57 out of 186 
Estimating pi_0 from all 1744 observed p-values.
Estimating pi_0.
Estimated pi_0=0.963419
Processing query 58 out of 186 
Estimating pi_0 from all 1744 observed p-values.
Estimating pi_0.
Estimated pi_0=0.970405
Processing query 59 out of 186 
Estimating pi_0 from all 1744 observed p-values.
Estimating pi_0.
Estimated pi_0=0.998686
Processing query 60 out of 186 
Estimating pi_0 from all 1744 observed p-values.
Estimating pi_0.
Estimated pi_0=1
Processing query 61 out of 186 
Estimating pi_0 from all 1744 observed p-values.
Estimating pi_0.
Estimated pi_0=0.991943
Processing query 62 out of 186 
Estimating pi_0 from all 1744 observed p-values.
Estimating pi_0.
Estimated pi_0=0.988228
Processing query 63 out of 186 
Estimating pi_0 from all 1744 observed p-values.
Estimating pi_0.
Estimated pi_0=0.979404
Processing query 64 out of 186 
Estimating pi_0 from all 1744 observed p-values.
Estimating pi_0.
Estimated pi_0=0.991567
Processing query 65 out of 186 
Estimating pi_0 from all 1744 observed p-values.
Estimating pi_0.
Estimated pi_0=0.980563
Processing query 66 out of 186 
Estimating pi_0 from all 1744 observed p-values.
Estimating pi_0.
Estimated pi_0=0.97243
Processing query 67 out of 186 
Estimating pi_0 from all 1744 observed p-values.
Estimating pi_0.
Estimated pi_0=0.9823
Processing query 68 out of 186 
Estimating pi_0 from all 1744 observed p-values.
Estimating pi_0.
Estimated pi_0=0.974186
Processing query 69 out of 186 
Estimating pi_0 from all 1744 observed p-values.
Estimating pi_0.
Estimated pi_0=0.975653
Processing query 70 out of 186 
Estimating pi_0 from all 1744 observed p-values.
Estimating pi_0.
Estimated pi_0=0.966831
Processing query 71 out of 186 
Estimating pi_0 from all 1744 observed p-values.
Estimating pi_0.
Estimated pi_0=0.923467
Processing query 72 out of 186 
Estimating pi_0 from all 1744 observed p-values.
Estimating pi_0.
Estimated pi_0=0.96924
Processing query 73 out of 186 
Estimating pi_0 from all 1744 observed p-values.
Estimating pi_0.
Estimated pi_0=0.957267
Processing query 74 out of 186 
Estimating pi_0 from all 1744 observed p-values.
Estimating pi_0.
Estimated pi_0=0.966495
Processing query 75 out of 186 
Estimating pi_0 from all 1744 observed p-values.
Estimating pi_0.
Estimated pi_0=1
Processing query 76 out of 186 
Estimating pi_0 from all 1744 observed p-values.
Estimating pi_0.
Estimated pi_0=0.980563
Processing query 77 out of 186 
Estimating pi_0 from all 1744 observed p-values.
Estimating pi_0.
Estimated pi_0=0.985196
Processing query 78 out of 186 
Estimating pi_0 from all 1744 observed p-values.
Estimating pi_0.
Estimated pi_0=0.987868
Processing query 79 out of 186 
Estimating pi_0 from all 1744 observed p-values.
Estimating pi_0.
Estimated pi_0=0.977667
Processing query 80 out of 186 
Estimating pi_0 from all 1744 observed p-values.
Estimating pi_0.
Estimated pi_0=0.978866
Processing query 81 out of 186 
Estimating pi_0 from all 1744 observed p-values.
Estimating pi_0.
Estimated pi_0=0.979181
Processing query 82 out of 186 
Estimating pi_0 from all 1744 observed p-values.
Estimating pi_0.
Estimated pi_0=0.964345
Processing query 83 out of 186 
Estimating pi_0 from all 1744 observed p-values.
Estimating pi_0.
Estimated pi_0=0.963654
Processing query 84 out of 186 
Estimating pi_0 from all 1744 observed p-values.
Estimating pi_0.
Estimated pi_0=0.967494
Processing query 85 out of 186 
Estimating pi_0 from all 1744 observed p-values.
Estimating pi_0.
Estimated pi_0=0.9935
Processing query 86 out of 186 
Estimating pi_0 from all 1744 observed p-values.
Estimating pi_0.
Estimated pi_0=0.999839
Processing query 87 out of 186 
Estimating pi_0 from all 1744 observed p-values.
Estimating pi_0.
Estimated pi_0=0.999839
Processing query 88 out of 186 
Estimating pi_0 from all 1744 observed p-values.
Estimating pi_0.
Estimated pi_0=0.981792
Processing query 89 out of 186 
Estimating pi_0 from all 1744 observed p-values.
Estimating pi_0.
Estimated pi_0=0.98925
Processing query 90 out of 186 
Estimating pi_0 from all 1744 observed p-values.
Estimating pi_0.
Estimated pi_0=0.988367
Processing query 91 out of 186 
Estimating pi_0 from all 1744 observed p-values.
Estimating pi_0.
Estimated pi_0=0.960362
Processing query 92 out of 186 
Estimating pi_0 from all 1744 observed p-values.
Estimating pi_0.
Estimated pi_0=0.978593
Processing query 93 out of 186 
Estimating pi_0 from all 1744 observed p-values.
Estimating pi_0.
Estimated pi_0=0.955462
Processing query 94 out of 186 
Estimating pi_0 from all 1744 observed p-values.
Estimating pi_0.
Estimated pi_0=0.984617
Processing query 95 out of 186 
Estimating pi_0 from all 1744 observed p-values.
Estimating pi_0.
Estimated pi_0=0.986704
Processing query 96 out of 186 
Estimating pi_0 from all 1744 observed p-values.
Estimating pi_0.
Estimated pi_0=0.991195
Processing query 97 out of 186 
Estimating pi_0 from all 1744 observed p-values.
Estimating pi_0.
Estimated pi_0=0.975356
Processing query 98 out of 186 
Estimating pi_0 from all 1744 observed p-values.
Estimating pi_0.
Estimated pi_0=0.984038
Processing query 99 out of 186 
Estimating pi_0 from all 1744 observed p-values.
Estimating pi_0.
Estimated pi_0=1
Processing query 100 out of 186 
Estimating pi_0 from all 1744 observed p-values.
Estimating pi_0.
Estimated pi_0=0.99811
Processing query 101 out of 186 
Estimating pi_0 from all 1744 observed p-values.
Estimating pi_0.
Estimated pi_0=0.985062
Processing query 102 out of 186 
Estimating pi_0 from all 1744 observed p-values.
Estimating pi_0.
Estimated pi_0=0.973033
Processing query 103 out of 186 
Estimating pi_0 from all 1744 observed p-values.
Estimating pi_0.
Estimated pi_0=0.986584
Processing query 104 out of 186 
Estimating pi_0 from all 1744 observed p-values.
Estimating pi_0.
Estimated pi_0=0.973897
Processing query 105 out of 186 
Estimating pi_0 from all 1744 observed p-values.
Estimating pi_0.
Estimated pi_0=0.980563
Processing query 106 out of 186 
Estimating pi_0 from all 1744 observed p-values.
Estimating pi_0.
Estimated pi_0=0.998686
Processing query 107 out of 186 
Estimating pi_0 from all 1744 observed p-values.
Estimating pi_0.
Estimated pi_0=0.964924
Processing query 108 out of 186 
Estimating pi_0 from all 1744 observed p-values.
Estimating pi_0.
Estimated pi_0=0.981207
Processing query 109 out of 186 
Estimating pi_0 from all 1744 observed p-values.
Estimating pi_0.
Estimated pi_0=0.994652
Processing query 110 out of 186 
Estimating pi_0 from all 1744 observed p-values.
Estimating pi_0.
Estimated pi_0=1
Processing query 111 out of 186 
Estimating pi_0 from all 1744 observed p-values.
Estimating pi_0.
Estimated pi_0=1
Processing query 112 out of 186 
Estimating pi_0 from all 1744 observed p-values.
Estimating pi_0.
Estimated pi_0=0.968596
Processing query 113 out of 186 
Estimating pi_0 from all 1744 observed p-values.
Estimating pi_0.
Estimated pi_0=0.963187
Processing query 114 out of 186 
Estimating pi_0 from all 1744 observed p-values.
Estimating pi_0.
Estimated pi_0=0.984958
Processing query 115 out of 186 
Estimating pi_0 from all 1744 observed p-values.
Estimating pi_0.
Estimated pi_0=0.946686
Processing query 116 out of 186 
Estimating pi_0 from all 1744 observed p-values.
Estimating pi_0.
Estimated pi_0=0.994463
Processing query 117 out of 186 
Estimating pi_0 from all 1744 observed p-values.
Estimating pi_0.
Estimated pi_0=1
Processing query 118 out of 186 
Estimating pi_0 from all 1744 observed p-values.
Estimating pi_0.
Estimated pi_0=0.947893
Processing query 119 out of 186 
Estimating pi_0 from all 1744 observed p-values.
Estimating pi_0.
Estimated pi_0=1
Processing query 120 out of 186 
Estimating pi_0 from all 1744 observed p-values.
Estimating pi_0.
Estimated pi_0=0.967749
Processing query 121 out of 186 
Estimating pi_0 from all 1744 observed p-values.
Estimating pi_0.
Estimated pi_0=0.9736
Processing query 122 out of 186 
Estimating pi_0 from all 1744 observed p-values.
Estimating pi_0.
Estimated pi_0=0.97036
Processing query 123 out of 186 
Estimating pi_0 from all 1744 observed p-values.
Estimating pi_0.
Estimated pi_0=0.969338
Processing query 124 out of 186 
Estimating pi_0 from all 1744 observed p-values.
Estimating pi_0.
Estimated pi_0=0.987161
Processing query 125 out of 186 
Estimating pi_0 from all 1744 observed p-values.
Estimating pi_0.
Estimated pi_0=0.97535
Processing query 126 out of 186 
Estimating pi_0 from all 1744 observed p-values.
Estimating pi_0.
Estimated pi_0=0.992525
Processing query 127 out of 186 
Estimating pi_0 from all 1744 observed p-values.
Estimating pi_0.
Estimated pi_0=0.977667
Processing query 128 out of 186 
Estimating pi_0 from all 1744 observed p-values.
Estimating pi_0.
Estimated pi_0=0.970948
Processing query 129 out of 186 
Estimating pi_0 from all 1744 observed p-values.
Estimating pi_0.
Estimated pi_0=0.964824
Processing query 130 out of 186 
Estimating pi_0 from all 1744 observed p-values.
Estimating pi_0.
Estimated pi_0=0.960741
Processing query 131 out of 186 
Estimating pi_0 from all 1744 observed p-values.
Estimating pi_0.
Estimated pi_0=0.995228
Processing query 132 out of 186 
Estimating pi_0 from all 1744 observed p-values.
Estimating pi_0.
Estimated pi_0=0.97387
Processing query 133 out of 186 
Estimating pi_0 from all 1744 observed p-values.
Estimating pi_0.
Estimated pi_0=0.955657
Processing query 134 out of 186 
Estimating pi_0 from all 1744 observed p-values.
Estimating pi_0.
Estimated pi_0=0.970137
Processing query 135 out of 186 
Estimating pi_0 from all 1744 observed p-values.
Estimating pi_0.
Estimated pi_0=0.98925
Processing query 136 out of 186 
Estimating pi_0 from all 1744 observed p-values.
Estimating pi_0.
Estimated pi_0=0.980563
Processing query 137 out of 186 
Estimating pi_0 from all 1744 observed p-values.
Estimating pi_0.
Estimated pi_0=0.981398
Processing query 138 out of 186 
Estimating pi_0 from all 1744 observed p-values.
Estimating pi_0.
Estimated pi_0=0.951231
Processing query 139 out of 186 
Estimating pi_0 from all 1744 observed p-values.
Estimating pi_0.
Estimated pi_0=0.976226
Processing query 140 out of 186 
Estimating pi_0 from all 1744 observed p-values.
Estimating pi_0.
Estimated pi_0=0.980682
Processing query 141 out of 186 
Estimating pi_0 from all 1744 observed p-values.
Estimating pi_0.
Estimated pi_0=1
Processing query 142 out of 186 
Estimating pi_0 from all 1744 observed p-values.
Estimating pi_0.
Estimated pi_0=0.97739
Processing query 143 out of 186 
Estimating pi_0 from all 1744 observed p-values.
Estimating pi_0.
Estimated pi_0=0.907566
Processing query 144 out of 186 
Estimating pi_0 from all 1744 observed p-values.
Estimating pi_0.
Estimated pi_0=1
Processing query 145 out of 186 
Estimating pi_0 from all 1744 observed p-values.
Estimating pi_0.
Estimated pi_0=0.99527
Processing query 146 out of 186 
Estimating pi_0 from all 1744 observed p-values.
Estimating pi_0.
Estimated pi_0=0.981142
Processing query 147 out of 186 
Estimating pi_0 from all 1744 observed p-values.
Estimating pi_0.
Estimated pi_0=0.961175
Processing query 148 out of 186 
Estimating pi_0 from all 1744 observed p-values.
Estimating pi_0.
Estimated pi_0=0.971296
Processing query 149 out of 186 
Estimating pi_0 from all 1744 observed p-values.
Estimating pi_0.
Estimated pi_0=0.953456
Processing query 150 out of 186 
Estimating pi_0 from all 1744 observed p-values.
Estimating pi_0.
Estimated pi_0=0.987868
Processing query 151 out of 186 
Estimating pi_0 from all 1744 observed p-values.
Estimating pi_0.
Estimated pi_0=0.990197
Processing query 152 out of 186 
Estimating pi_0 from all 1744 observed p-values.
Estimating pi_0.
Estimated pi_0=0.978005
Processing query 153 out of 186 
Estimating pi_0 from all 1744 observed p-values.
Estimating pi_0.
Estimated pi_0=0.965166
Processing query 154 out of 186 
Estimating pi_0 from all 1744 observed p-values.
Estimating pi_0.
Estimated pi_0=0.986934
Processing query 155 out of 186 
Estimating pi_0 from all 1744 observed p-values.
Estimating pi_0.
Estimated pi_0=0.962571
Processing query 156 out of 186 
Estimating pi_0 from all 1744 observed p-values.
Estimating pi_0.
Estimated pi_0=0.945952
Processing query 157 out of 186 
Estimating pi_0 from all 1744 observed p-values.
Estimating pi_0.
Estimated pi_0=0.971536
Processing query 158 out of 186 
Estimating pi_0 from all 1744 observed p-values.
Estimating pi_0.
Estimated pi_0=0.974771
Processing query 159 out of 186 
Estimating pi_0 from all 1744 observed p-values.
Estimating pi_0.
Estimated pi_0=0.986584
Processing query 160 out of 186 
Estimating pi_0 from all 1744 observed p-values.
Estimating pi_0.
Estimated pi_0=0.987058
Processing query 161 out of 186 
Estimating pi_0 from all 1744 observed p-values.
Estimating pi_0.
Estimated pi_0=0.99811
Processing query 162 out of 186 
Estimating pi_0 from all 1744 observed p-values.
Estimating pi_0.
Estimated pi_0=1
Processing query 163 out of 186 
Estimating pi_0 from all 1744 observed p-values.
Estimating pi_0.
Estimated pi_0=0.978554
Processing query 164 out of 186 
Estimating pi_0 from all 1744 observed p-values.
Estimating pi_0.
Estimated pi_0=0.965904
Processing query 165 out of 186 
Estimating pi_0 from all 1744 observed p-values.
Estimating pi_0.
Estimated pi_0=0.960362
Processing query 166 out of 186 
Estimating pi_0 from all 1744 observed p-values.
Estimating pi_0.
Estimated pi_0=0.962837
Processing query 167 out of 186 
Estimating pi_0 from all 1744 observed p-values.
Estimating pi_0.
Estimated pi_0=0.995228
Processing query 168 out of 186 
Estimating pi_0 from all 1744 observed p-values.
Estimating pi_0.
Estimated pi_0=0.965748
Processing query 169 out of 186 
Estimating pi_0 from all 1744 observed p-values.
Estimating pi_0.
Estimated pi_0=1
Processing query 170 out of 186 
Estimating pi_0 from all 1744 observed p-values.
Estimating pi_0.
Estimated pi_0=0.986934
Processing query 171 out of 186 
Estimating pi_0 from all 1744 observed p-values.
Estimating pi_0.
Estimated pi_0=0.966579
Processing query 172 out of 186 
Estimating pi_0 from all 1744 observed p-values.
Estimating pi_0.
Estimated pi_0=0.993305
Processing query 173 out of 186 
Estimating pi_0 from all 1744 observed p-values.
Estimating pi_0.
Estimated pi_0=0.994664
Processing query 174 out of 186 
Estimating pi_0 from all 1744 observed p-values.
Estimating pi_0.
Estimated pi_0=0.988313
Processing query 175 out of 186 
Estimating pi_0 from all 1744 observed p-values.
Estimating pi_0.
Estimated pi_0=0.997534
Processing query 176 out of 186 
Estimating pi_0 from all 1744 observed p-values.
Estimating pi_0.
Estimated pi_0=0.984958
Processing query 177 out of 186 
Estimating pi_0 from all 1744 observed p-values.
Estimating pi_0.
Estimated pi_0=0.975062
Processing query 178 out of 186 
Estimating pi_0 from all 1744 observed p-values.
Estimating pi_0.
Estimated pi_0=0.9823
Processing query 179 out of 186 
Estimating pi_0 from all 1744 observed p-values.
Estimating pi_0.
Estimated pi_0=0.999262
Processing query 180 out of 186 
Estimating pi_0 from all 1744 observed p-values.
Estimating pi_0.
Estimated pi_0=1
Processing query 181 out of 186 
Estimating pi_0 from all 1744 observed p-values.
Estimating pi_0.
Estimated pi_0=0.980037
Processing query 182 out of 186 
Estimating pi_0 from all 1744 observed p-values.
Estimating pi_0.
Estimated pi_0=0.994079
Processing query 183 out of 186 
Estimating pi_0 from all 1744 observed p-values.
Estimating pi_0.
Estimated pi_0=0.998686
Processing query 184 out of 186 
Estimating pi_0 from all 1744 observed p-values.
Estimating pi_0.
Estimated pi_0=1
Processing query 185 out of 186 
Estimating pi_0 from all 1744 observed p-values.
Estimating pi_0.
Estimated pi_0=0.976808
Processing query 186 out of 186 
Estimating pi_0 from all 1744 observed p-values.
Estimating pi_0.
Estimated pi_0=0.936544
Unable to parse more as there are unhandled errors:
tomtom@release has invalid value "" at /s/chopin/k/grad/saira55/lib/meme-5.0.3/perl/CheckingSAX.pm line 44, <$fh> line 3.
Warning: tomtom_xml_to_html exited abnormally and may have failed to create HTML output.
Writing results to output directory 'results/arabidopsis/sei/final2//Motif_Analysis_Negative/tomtom'.
Processing query 1 out of 186 
Estimating pi_0 from all 1744 observed p-values.
Estimating pi_0.
Estimated pi_0=0.973033
Processing query 2 out of 186 
Estimating pi_0 from all 1744 observed p-values.
Estimating pi_0.
Estimated pi_0=0.986704
Processing query 3 out of 186 
Estimating pi_0 from all 1744 observed p-values.
Estimating pi_0.
Estimated pi_0=1
Processing query 4 out of 186 
Estimating pi_0 from all 1744 observed p-values.
Estimating pi_0.
Estimated pi_0=0.984717
Processing query 5 out of 186 
Estimating pi_0 from all 1744 observed p-values.
Estimating pi_0.
Estimated pi_0=0.97009
Processing query 6 out of 186 
Estimating pi_0 from all 1744 observed p-values.
Estimating pi_0.
Estimated pi_0=0.988813
Processing query 7 out of 186 
Estimating pi_0 from all 1744 observed p-values.
Estimating pi_0.
Estimated pi_0=0.976808
Processing query 8 out of 186 
Estimating pi_0 from all 1744 observed p-values.
Estimating pi_0.
Estimated pi_0=0.99811
Processing query 9 out of 186 
Estimating pi_0 from all 1744 observed p-values.
Estimating pi_0.
Estimated pi_0=0.991771
Processing query 10 out of 186 
Estimating pi_0 from all 1744 observed p-values.
Estimating pi_0.
Estimated pi_0=0.986704
Processing query 11 out of 186 
Estimating pi_0 from all 1744 observed p-values.
Estimating pi_0.
Estimated pi_0=0.986008
Processing query 12 out of 186 
Estimating pi_0 from all 1744 observed p-values.
Estimating pi_0.
Estimated pi_0=0.944881
Processing query 13 out of 186 
Estimating pi_0 from all 1744 observed p-values.
Estimating pi_0.
Estimated pi_0=0.979983
Processing query 14 out of 186 
Estimating pi_0 from all 1744 observed p-values.
Estimating pi_0.
Estimated pi_0=0.973576
Processing query 15 out of 186 
Estimating pi_0 from all 1744 observed p-values.
Estimating pi_0.
Estimated pi_0=0.988003
Processing query 16 out of 186 
Estimating pi_0 from all 1744 observed p-values.
Estimating pi_0.
Estimated pi_0=0.980946
Processing query 17 out of 186 
Estimating pi_0 from all 1744 observed p-values.
Estimating pi_0.
Estimated pi_0=0.983211
Processing query 18 out of 186 
Estimating pi_0 from all 1744 observed p-values.
Estimating pi_0.
Estimated pi_0=0.903645
Processing query 19 out of 186 
Estimating pi_0 from all 1744 observed p-values.
Estimating pi_0.
Estimated pi_0=0.9823
Processing query 20 out of 186 
Estimating pi_0 from all 1744 observed p-values.
Estimating pi_0.
Estimated pi_0=0.975929
Processing query 21 out of 186 
Estimating pi_0 from all 1744 observed p-values.
Estimating pi_0.
Estimated pi_0=0.955251
Processing query 22 out of 186 
Estimating pi_0 from all 1744 observed p-values.
Estimating pi_0.
Estimated pi_0=0.995805
Processing query 23 out of 186 
Estimating pi_0 from all 1744 observed p-values.
Estimating pi_0.
Estimated pi_0=0.98554
Processing query 24 out of 186 
Estimating pi_0 from all 1744 observed p-values.
Estimating pi_0.
Estimated pi_0=0.974771
Processing query 25 out of 186 
Estimating pi_0 from all 1744 observed p-values.
Estimating pi_0.
Estimated pi_0=0.972454
Processing query 26 out of 186 
Estimating pi_0 from all 1744 observed p-values.
Estimating pi_0.
Estimated pi_0=0.968268
Processing query 27 out of 186 
Estimating pi_0 from all 1744 observed p-values.
Estimating pi_0.
Estimated pi_0=0.977667
Processing query 28 out of 186 
Estimating pi_0 from all 1744 observed p-values.
Estimating pi_0.
Estimated pi_0=0.989033
Processing query 29 out of 186 
Estimating pi_0 from all 1744 observed p-values.
Estimating pi_0.
Estimated pi_0=0.998686
Processing query 30 out of 186 
Estimating pi_0 from all 1744 observed p-values.
Estimating pi_0.
Estimated pi_0=0.9823
Processing query 31 out of 186 
Estimating pi_0 from all 1744 observed p-values.
Estimating pi_0.
Estimated pi_0=0.981142
Processing query 32 out of 186 
Estimating pi_0 from all 1744 observed p-values.
Estimating pi_0.
Estimated pi_0=0.964864
Processing query 33 out of 186 
Estimating pi_0 from all 1744 observed p-values.
Estimating pi_0.
Estimated pi_0=0.993884
Processing query 34 out of 186 
Estimating pi_0 from all 1744 observed p-values.
Estimating pi_0.
Estimated pi_0=0.992725
Processing query 35 out of 186 
Estimating pi_0 from all 1744 observed p-values.
Estimating pi_0.
Estimated pi_0=0.994076
Processing query 36 out of 186 
Estimating pi_0 from all 1744 observed p-values.
Estimating pi_0.
Estimated pi_0=0.983703
Processing query 37 out of 186 
Estimating pi_0 from all 1744 observed p-values.
Estimating pi_0.
Estimated pi_0=0.977417
Processing query 38 out of 186 
Estimating pi_0 from all 1744 observed p-values.
Estimating pi_0.
Estimated pi_0=0.964479
Processing query 39 out of 186 
Estimating pi_0 from all 1744 observed p-values.
Estimating pi_0.
Estimated pi_0=0.947735
Processing query 40 out of 186 
Estimating pi_0 from all 1744 observed p-values.
Estimating pi_0.
Estimated pi_0=1
Processing query 41 out of 186 
Estimating pi_0 from all 1744 observed p-values.
Estimating pi_0.
Estimated pi_0=0.999839
Processing query 42 out of 186 
Estimating pi_0 from all 1744 observed p-values.
Estimating pi_0.
Estimated pi_0=0.9823
Processing query 43 out of 186 
Estimating pi_0 from all 1744 observed p-values.
Estimating pi_0.
Estimated pi_0=0.964001
Processing query 44 out of 186 
Estimating pi_0 from all 1744 observed p-values.
Estimating pi_0.
Estimated pi_0=0.950024
Processing query 45 out of 186 
Estimating pi_0 from all 1744 observed p-values.
Estimating pi_0.
Estimated pi_0=0.976241
Processing query 46 out of 186 
Estimating pi_0 from all 1744 observed p-values.
Estimating pi_0.
Estimated pi_0=0.97243
Processing query 47 out of 186 
Estimating pi_0 from all 1744 observed p-values.
Estimating pi_0.
Estimated pi_0=0.975062
Processing query 48 out of 186 
Estimating pi_0 from all 1744 observed p-values.
Estimating pi_0.
Estimated pi_0=0.984958
Processing query 49 out of 186 
Estimating pi_0 from all 1744 observed p-values.
Estimating pi_0.
Estimated pi_0=0.993884
Processing query 50 out of 186 
Estimating pi_0 from all 1744 observed p-values.
Estimating pi_0.
Estimated pi_0=1
Processing query 51 out of 186 
Estimating pi_0 from all 1744 observed p-values.
Estimating pi_0.
Estimated pi_0=0.960213
Processing query 52 out of 186 
Estimating pi_0 from all 1744 observed p-values.
Estimating pi_0.
Estimated pi_0=0.974771
Processing query 53 out of 186 
Estimating pi_0 from all 1744 observed p-values.
Estimating pi_0.
Estimated pi_0=0.999262
Processing query 54 out of 186 
Estimating pi_0 from all 1744 observed p-values.
Estimating pi_0.
Estimated pi_0=0.990409
Processing query 55 out of 186 
Estimating pi_0 from all 1744 observed p-values.
Estimating pi_0.
Estimated pi_0=0.978554
Processing query 56 out of 186 
Estimating pi_0 from all 1744 observed p-values.
Estimating pi_0.
Estimated pi_0=1
Processing query 57 out of 186 
Estimating pi_0 from all 1744 observed p-values.
Estimating pi_0.
Estimated pi_0=0.970405
Processing query 58 out of 186 
Estimating pi_0 from all 1744 observed p-values.
Estimating pi_0.
Estimated pi_0=0.973315
Processing query 59 out of 186 
Estimating pi_0 from all 1744 observed p-values.
Estimating pi_0.
Estimated pi_0=0.997534
Processing query 60 out of 186 
Estimating pi_0 from all 1744 observed p-values.
Estimating pi_0.
Estimated pi_0=1
Processing query 61 out of 186 
Estimating pi_0 from all 1744 observed p-values.
Estimating pi_0.
Estimated pi_0=0.994463
Processing query 62 out of 186 
Estimating pi_0 from all 1744 observed p-values.
Estimating pi_0.
Estimated pi_0=0.99369
Processing query 63 out of 186 
Estimating pi_0 from all 1744 observed p-values.
Estimating pi_0.
Estimated pi_0=0.972151
Processing query 64 out of 186 
Estimating pi_0 from all 1744 observed p-values.
Estimating pi_0.
Estimated pi_0=0.992725
Processing query 65 out of 186 
Estimating pi_0 from all 1744 observed p-values.
Estimating pi_0.
Estimated pi_0=0.984038
Processing query 66 out of 186 
Estimating pi_0 from all 1744 observed p-values.
Estimating pi_0.
Estimated pi_0=0.971569
Processing query 67 out of 186 
Estimating pi_0 from all 1744 observed p-values.
Estimating pi_0.
Estimated pi_0=0.989033
Processing query 68 out of 186 
Estimating pi_0 from all 1744 observed p-values.
Estimating pi_0.
Estimated pi_0=0.979181
Processing query 69 out of 186 
Estimating pi_0 from all 1744 observed p-values.
Estimating pi_0.
Estimated pi_0=0.972997
Processing query 70 out of 186 
Estimating pi_0 from all 1744 observed p-values.
Estimating pi_0.
Estimated pi_0=0.967677
Processing query 71 out of 186 
Estimating pi_0 from all 1744 observed p-values.
Estimating pi_0.
Estimated pi_0=0.976226
Processing query 72 out of 186 
Estimating pi_0 from all 1744 observed p-values.
Estimating pi_0.
Estimated pi_0=0.973612
Processing query 73 out of 186 
Estimating pi_0 from all 1744 observed p-values.
Estimating pi_0.
Estimated pi_0=0.962812
Processing query 74 out of 186 
Estimating pi_0 from all 1744 observed p-values.
Estimating pi_0.
Estimated pi_0=0.965561
Processing query 75 out of 186 
Estimating pi_0 from all 1744 observed p-values.
Estimating pi_0.
Estimated pi_0=1
Processing query 76 out of 186 
Estimating pi_0 from all 1744 observed p-values.
Estimating pi_0.
Estimated pi_0=0.980301
Processing query 77 out of 186 
Estimating pi_0 from all 1744 observed p-values.
Estimating pi_0.
Estimated pi_0=0.984958
Processing query 78 out of 186 
Estimating pi_0 from all 1744 observed p-values.
Estimating pi_0.
Estimated pi_0=0.983458
Processing query 79 out of 186 
Estimating pi_0 from all 1744 observed p-values.
Estimating pi_0.
Estimated pi_0=0.97009
Processing query 80 out of 186 
Estimating pi_0 from all 1744 observed p-values.
Estimating pi_0.
Estimated pi_0=0.980883
Processing query 81 out of 186 
Estimating pi_0 from all 1744 observed p-values.
Estimating pi_0.
Estimated pi_0=0.976256
Processing query 82 out of 186 
Estimating pi_0 from all 1744 observed p-values.
Estimating pi_0.
Estimated pi_0=0.984279
Processing query 83 out of 186 
Estimating pi_0 from all 1744 observed p-values.
Estimating pi_0.
Estimated pi_0=0.96924
Processing query 84 out of 186 
Estimating pi_0 from all 1744 observed p-values.
Estimating pi_0.
Estimated pi_0=0.964001
Processing query 85 out of 186 
Estimating pi_0 from all 1744 observed p-values.
Estimating pi_0.
Estimated pi_0=0.996381
Processing query 86 out of 186 
Estimating pi_0 from all 1744 observed p-values.
Estimating pi_0.
Estimated pi_0=1
Processing query 87 out of 186 
Estimating pi_0 from all 1744 observed p-values.
Estimating pi_0.
Estimated pi_0=1
Processing query 88 out of 186 
Estimating pi_0 from all 1744 observed p-values.
Estimating pi_0.
Estimated pi_0=0.977726
Processing query 89 out of 186 
Estimating pi_0 from all 1744 observed p-values.
Estimating pi_0.
Estimated pi_0=0.988671
Processing query 90 out of 186 
Estimating pi_0 from all 1744 observed p-values.
Estimating pi_0.
Estimated pi_0=0.983824
Processing query 91 out of 186 
Estimating pi_0 from all 1744 observed p-values.
Estimating pi_0.
Estimated pi_0=0.968532
Processing query 92 out of 186 
Estimating pi_0 from all 1744 observed p-values.
Estimating pi_0.
Estimated pi_0=0.984038
Processing query 93 out of 186 
Estimating pi_0 from all 1744 observed p-values.
Estimating pi_0.
Estimated pi_0=0.968008
Processing query 94 out of 186 
Estimating pi_0 from all 1744 observed p-values.
Estimating pi_0.
Estimated pi_0=0.981142
Processing query 95 out of 186 
Estimating pi_0 from all 1744 observed p-values.
Estimating pi_0.
Estimated pi_0=0.992146
Processing query 96 out of 186 
Estimating pi_0 from all 1744 observed p-values.
Estimating pi_0.
Estimated pi_0=0.984376
Processing query 97 out of 186 
Estimating pi_0 from all 1744 observed p-values.
Estimating pi_0.
Estimated pi_0=0.974191
Processing query 98 out of 186 
Estimating pi_0 from all 1744 observed p-values.
Estimating pi_0.
Estimated pi_0=0.981465
Processing query 99 out of 186 
Estimating pi_0 from all 1744 observed p-values.
Estimating pi_0.
Estimated pi_0=1
Processing query 100 out of 186 
Estimating pi_0 from all 1744 observed p-values.
Estimating pi_0.
Estimated pi_0=0.997534
Processing query 101 out of 186 
Estimating pi_0 from all 1744 observed p-values.
Estimating pi_0.
Estimated pi_0=1
Processing query 102 out of 186 
Estimating pi_0 from all 1744 observed p-values.
Estimating pi_0.
Estimated pi_0=0.966579
Processing query 103 out of 186 
Estimating pi_0 from all 1744 observed p-values.
Estimating pi_0.
Estimated pi_0=0.982879
Processing query 104 out of 186 
Estimating pi_0 from all 1744 observed p-values.
Estimating pi_0.
Estimated pi_0=0.9733
Processing query 105 out of 186 
Estimating pi_0 from all 1744 observed p-values.
Estimating pi_0.
Estimated pi_0=0.977972
Processing query 106 out of 186 
Estimating pi_0 from all 1744 observed p-values.
Estimating pi_0.
Estimated pi_0=0.999839
Processing query 107 out of 186 
Estimating pi_0 from all 1744 observed p-values.
Estimating pi_0.
Estimated pi_0=0.963303
Processing query 108 out of 186 
Estimating pi_0 from all 1744 observed p-values.
Estimating pi_0.
Estimated pi_0=0.982879
Processing query 109 out of 186 
Estimating pi_0 from all 1744 observed p-values.
Estimating pi_0.
Estimated pi_0=0.9935
Processing query 110 out of 186 
Estimating pi_0 from all 1744 observed p-values.
Estimating pi_0.
Estimated pi_0=1
Processing query 111 out of 186 
Estimating pi_0 from all 1744 observed p-values.
Estimating pi_0.
Estimated pi_0=1
Processing query 112 out of 186 
Estimating pi_0 from all 1744 observed p-values.
Estimating pi_0.
Estimated pi_0=0.972151
Processing query 113 out of 186 
Estimating pi_0 from all 1744 observed p-values.
Estimating pi_0.
Estimated pi_0=0.963187
Processing query 114 out of 186 
Estimating pi_0 from all 1744 observed p-values.
Estimating pi_0.
Estimated pi_0=0.987286
Processing query 115 out of 186 
Estimating pi_0 from all 1744 observed p-values.
Estimating pi_0.
Estimated pi_0=0.956048
Processing query 116 out of 186 
Estimating pi_0 from all 1744 observed p-values.
Estimating pi_0.
Estimated pi_0=0.99811
Processing query 117 out of 186 
Estimating pi_0 from all 1744 observed p-values.
Estimating pi_0.
Estimated pi_0=1
Processing query 118 out of 186 
Estimating pi_0 from all 1744 observed p-values.
Estimating pi_0.
Estimated pi_0=0.967677
Processing query 119 out of 186 
Estimating pi_0 from all 1744 observed p-values.
Estimating pi_0.
Estimated pi_0=1
Processing query 120 out of 186 
Estimating pi_0 from all 1744 observed p-values.
Estimating pi_0.
Estimated pi_0=0.961996
Processing query 121 out of 186 
Estimating pi_0 from all 1744 observed p-values.
Estimating pi_0.
Estimated pi_0=0.975062
Processing query 122 out of 186 
Estimating pi_0 from all 1744 observed p-values.
Estimating pi_0.
Estimated pi_0=0.978593
Processing query 123 out of 186 
Estimating pi_0 from all 1744 observed p-values.
Estimating pi_0.
Estimated pi_0=0.974167
Processing query 124 out of 186 
Estimating pi_0 from all 1744 observed p-values.
Estimating pi_0.
Estimated pi_0=0.991195
Processing query 125 out of 186 
Estimating pi_0 from all 1744 observed p-values.
Estimating pi_0.
Estimated pi_0=0.97448
Processing query 126 out of 186 
Estimating pi_0 from all 1744 observed p-values.
Estimating pi_0.
Estimated pi_0=1
Processing query 127 out of 186 
Estimating pi_0 from all 1744 observed p-values.
Estimating pi_0.
Estimated pi_0=0.978246
Processing query 128 out of 186 
Estimating pi_0 from all 1744 observed p-values.
Estimating pi_0.
Estimated pi_0=0.969126
Processing query 129 out of 186 
Estimating pi_0 from all 1744 observed p-values.
Estimating pi_0.
Estimated pi_0=0.963303
Processing query 130 out of 186 
Estimating pi_0 from all 1744 observed p-values.
Estimating pi_0.
Estimated pi_0=0.972647
Processing query 131 out of 186 
Estimating pi_0 from all 1744 observed p-values.
Estimating pi_0.
Estimated pi_0=0.997534
Processing query 132 out of 186 
Estimating pi_0 from all 1744 observed p-values.
Estimating pi_0.
Estimated pi_0=0.96973
Processing query 133 out of 186 
Estimating pi_0 from all 1744 observed p-values.
Estimating pi_0.
Estimated pi_0=0.957037
Processing query 134 out of 186 
Estimating pi_0 from all 1744 observed p-values.
Estimating pi_0.
Estimated pi_0=0.977667
Processing query 135 out of 186 
Estimating pi_0 from all 1744 observed p-values.
Estimating pi_0.
Estimated pi_0=0.988671
Processing query 136 out of 186 
Estimating pi_0 from all 1744 observed p-values.
Estimating pi_0.
Estimated pi_0=0.978825
Processing query 137 out of 186 
Estimating pi_0 from all 1744 observed p-values.
Estimating pi_0.
Estimated pi_0=0.981142
Processing query 138 out of 186 
Estimating pi_0 from all 1744 observed p-values.
Estimating pi_0.
Estimated pi_0=0.953677
Processing query 139 out of 186 
Estimating pi_0 from all 1744 observed p-values.
Estimating pi_0.
Estimated pi_0=0.971845
Processing query 140 out of 186 
Estimating pi_0 from all 1744 observed p-values.
Estimating pi_0.
Estimated pi_0=0.985302
Processing query 141 out of 186 
Estimating pi_0 from all 1744 observed p-values.
Estimating pi_0.
Estimated pi_0=1
Processing query 142 out of 186 
Estimating pi_0 from all 1744 observed p-values.
Estimating pi_0.
Estimated pi_0=0.97739
Processing query 143 out of 186 
Estimating pi_0 from all 1744 observed p-values.
Estimating pi_0.
Estimated pi_0=0.929021
Processing query 144 out of 186 
Estimating pi_0 from all 1744 observed p-values.
Estimating pi_0.
Estimated pi_0=1
Processing query 145 out of 186 
Estimating pi_0 from all 1744 observed p-values.
Estimating pi_0.
Estimated pi_0=0.99811
Processing query 146 out of 186 
Estimating pi_0 from all 1744 observed p-values.
Estimating pi_0.
Estimated pi_0=0.982879
Processing query 147 out of 186 
Estimating pi_0 from all 1744 observed p-values.
Estimating pi_0.
Estimated pi_0=0.965904
Processing query 148 out of 186 
Estimating pi_0 from all 1744 observed p-values.
Estimating pi_0.
Estimated pi_0=0.973897
Processing query 149 out of 186 
Estimating pi_0 from all 1744 observed p-values.
Estimating pi_0.
Estimated pi_0=0.978633
Processing query 150 out of 186 
Estimating pi_0 from all 1744 observed p-values.
Estimating pi_0.
Estimated pi_0=0.986122
Processing query 151 out of 186 
Estimating pi_0 from all 1744 observed p-values.
Estimating pi_0.
Estimated pi_0=0.988228
Processing query 152 out of 186 
Estimating pi_0 from all 1744 observed p-values.
Estimating pi_0.
Estimated pi_0=0.975356
Processing query 153 out of 186 
Estimating pi_0 from all 1744 observed p-values.
Estimating pi_0.
Estimated pi_0=0.966912
Processing query 154 out of 186 
Estimating pi_0 from all 1744 observed p-values.
Estimating pi_0.
Estimated pi_0=0.986934
Processing query 155 out of 186 
Estimating pi_0 from all 1744 observed p-values.
Estimating pi_0.
Estimated pi_0=0.960285
Processing query 156 out of 186 
Estimating pi_0 from all 1744 observed p-values.
Estimating pi_0.
Estimated pi_0=0.956648
Processing query 157 out of 186 
Estimating pi_0 from all 1744 observed p-values.
Estimating pi_0.
Estimated pi_0=0.975065
Processing query 158 out of 186 
Estimating pi_0 from all 1744 observed p-values.
Estimating pi_0.
Estimated pi_0=0.972712
Processing query 159 out of 186 
Estimating pi_0 from all 1744 observed p-values.
Estimating pi_0.
Estimated pi_0=0.986934
Processing query 160 out of 186 
Estimating pi_0 from all 1744 observed p-values.
Estimating pi_0.
Estimated pi_0=0.988092
Processing query 161 out of 186 
Estimating pi_0 from all 1744 observed p-values.
Estimating pi_0.
Estimated pi_0=0.997534
Processing query 162 out of 186 
Estimating pi_0 from all 1744 observed p-values.
Estimating pi_0.
Estimated pi_0=1
Processing query 163 out of 186 
Estimating pi_0 from all 1744 observed p-values.
Estimating pi_0.
Estimated pi_0=0.976226
Processing query 164 out of 186 
Estimating pi_0 from all 1744 observed p-values.
Estimating pi_0.
Estimated pi_0=0.973888
Processing query 165 out of 186 
Estimating pi_0 from all 1744 observed p-values.
Estimating pi_0.
Estimated pi_0=0.975953
Processing query 166 out of 186 
Estimating pi_0 from all 1744 observed p-values.
Estimating pi_0.
Estimated pi_0=0.971569
Processing query 167 out of 186 
Estimating pi_0 from all 1744 observed p-values.
Estimating pi_0.
Estimated pi_0=0.998686
Processing query 168 out of 186 
Estimating pi_0 from all 1744 observed p-values.
Estimating pi_0.
Estimated pi_0=0.968076
Processing query 169 out of 186 
Estimating pi_0 from all 1744 observed p-values.
Estimating pi_0.
Estimated pi_0=1
Processing query 170 out of 186 
Estimating pi_0 from all 1744 observed p-values.
Estimating pi_0.
Estimated pi_0=0.986473
Processing query 171 out of 186 
Estimating pi_0 from all 1744 observed p-values.
Estimating pi_0.
Estimated pi_0=0.974771
Processing query 172 out of 186 
Estimating pi_0 from all 1744 observed p-values.
Estimating pi_0.
Estimated pi_0=0.996957
Processing query 173 out of 186 
Estimating pi_0 from all 1744 observed p-values.
Estimating pi_0.
Estimated pi_0=0.9966
Processing query 174 out of 186 
Estimating pi_0 from all 1744 observed p-values.
Estimating pi_0.
Estimated pi_0=0.994652
Processing query 175 out of 186 
Estimating pi_0 from all 1744 observed p-values.
Estimating pi_0.
Estimated pi_0=0.996201
Processing query 176 out of 186 
Estimating pi_0 from all 1744 observed p-values.
Estimating pi_0.
Estimated pi_0=0.982629
Processing query 177 out of 186 
Estimating pi_0 from all 1744 observed p-values.
Estimating pi_0.
Estimated pi_0=0.976226
Processing query 178 out of 186 
Estimating pi_0 from all 1744 observed p-values.
Estimating pi_0.
Estimated pi_0=0.982879
Processing query 179 out of 186 
Estimating pi_0 from all 1744 observed p-values.
Estimating pi_0.
Estimated pi_0=0.997938
Processing query 180 out of 186 
Estimating pi_0 from all 1744 observed p-values.
Estimating pi_0.
Estimated pi_0=1
Processing query 181 out of 186 
Estimating pi_0 from all 1744 observed p-values.
Estimating pi_0.
Estimated pi_0=0.982377
Processing query 182 out of 186 
Estimating pi_0 from all 1744 observed p-values.
Estimating pi_0.
Estimated pi_0=0.991705
Processing query 183 out of 186 
Estimating pi_0 from all 1744 observed p-values.
Estimating pi_0.
Estimated pi_0=0.999262
Processing query 184 out of 186 
Estimating pi_0 from all 1744 observed p-values.
Estimating pi_0.
Estimated pi_0=1
Processing query 185 out of 186 
Estimating pi_0 from all 1744 observed p-values.
Estimating pi_0.
Estimated pi_0=0.975653
Processing query 186 out of 186 
Estimating pi_0 from all 1744 observed p-values.
Estimating pi_0.
Estimated pi_0=0.952255
Unable to parse more as there are unhandled errors:
tomtom@release has invalid value "" at /s/chopin/k/grad/saira55/lib/meme-5.0.3/perl/CheckingSAX.pm line 44, <$fh> line 3.
Warning: tomtom_xml_to_html exited abnormally and may have failed to create HTML output.
Traceback (most recent call last):
  File "/s/chromatin/p/nobackup/Saira/original/satori/satori.py", line 223, in <module>
    main()
  File "/s/chromatin/p/nobackup/Saira/original/satori/satori.py", line 193, in main
    infer_intr_attention(experiment_blob, params_dict, arg_space)
  File "/s/chromatin/p/nobackup/Saira/original/satori/satori/process_attention.py", line 565, in infer_intr_attention
    analyze_interactions(argSpace, Interact_dir, tomtom_data)
  File "/s/chromatin/p/nobackup/Saira/original/satori/satori/process_attention.py", line 381, in analyze_interactions
    plt.hist(Bg_MaxMean[:,0],bins=20,color='r',alpha=0.5,label='background')
             ~~~~~~~~~~^^^^^
IndexError: too many indices for array: array is 1-dimensional, but 2 were indexed
