/s/chromatin/p/nobackup/Saira/original/satori/data/Arabidopsis_ChromAccessibility/atAll_m200_s600 36
Epoch :  1
Train Results (Loss and AUC):  0.5225284681525282 0.7197259023209327
Best Validation Loss: 0.807 and AUC: 0.67 

Epoch-1 lr: 0.005 valid_loss: 0.8069361732119605
Epoch :  2
Train Results (Loss and AUC):  0.47812789742664624 0.7847837969790303
Best Validation Loss: 0.577 and AUC: 0.76 

Epoch-2 lr: 0.005 valid_loss: 0.5772733013609271
Epoch :  3
Train Results (Loss and AUC):  0.46609509558446943 0.7989689617511269
Epoch-3 lr: 0.005 valid_loss: 0.9480565020016262
Epoch :  4
Train Results (Loss and AUC):  0.45715856455987497 0.8085193352346266
Epoch-4 lr: 0.005 valid_loss: 0.6296174481059565
Epoch :  5
Train Results (Loss and AUC):  0.44805722368019885 0.8182582697324648
Best Validation Loss: 0.480 and AUC: 0.81 

Epoch-5 lr: 0.005 valid_loss: 0.48049456719712264
Epoch :  6
Train Results (Loss and AUC):  0.4413021542692697 0.8251167990512553
Best Validation Loss: 0.475 and AUC: 0.82 

Epoch-6 lr: 0.005 valid_loss: 0.47458413062673627
Epoch :  7
Train Results (Loss and AUC):  0.43424103673427333 0.831682426512341
Epoch-7 lr: 0.005 valid_loss: 1.0039674910632046
Epoch :  8
Train Results (Loss and AUC):  0.4290200951919761 0.8362959212860516
Best Validation Loss: 0.441 and AUC: 0.83 

Epoch-8 lr: 0.005 valid_loss: 0.44093832038181685
Epoch :  9
Train Results (Loss and AUC):  0.42420359644838557 0.8406667790294616
Epoch-9 lr: 0.005 valid_loss: 0.4769617534561075
Epoch :  10
Train Results (Loss and AUC):  0.4191668535432508 0.8451619833340254
Epoch-10 lr: 0.005 valid_loss: 0.6146814220653468
Epoch :  11
Train Results (Loss and AUC):  0.4162911855725832 0.8473801471374922
Epoch-11 lr: 0.005 valid_loss: 0.5128447074136693
Epoch :  12
Train Results (Loss and AUC):  0.4128193147079919 0.8501894449592315
Epoch-12 lr: 0.005 valid_loss: 0.4548259105259206
Epoch :  13
Train Results (Loss and AUC):  0.40794669575588677 0.8542902751841451
Epoch-13 lr: 0.005 valid_loss: 0.5693726586056994
Epoch :  14
Train Results (Loss and AUC):  0.4050343500670566 0.8564992592777032
Epoch-14 lr: 0.005 valid_loss: 0.4631585552320852
Epoch :  15
Train Results (Loss and AUC):  0.4019079026355538 0.8590035551129813
Epoch-15 lr: 0.005 valid_loss: 0.8269362328372476
Epoch :  16
Train Results (Loss and AUC):  0.39786549226571155 0.8621769721389163
Epoch-16 lr: 0.005 valid_loss: 1.113828740594707
Epoch :  17
Train Results (Loss and AUC):  0.39364346589452476 0.8652582600274676
Epoch-17 lr: 0.005 valid_loss: 0.6258280255319753
Epoch :  18
Train Results (Loss and AUC):  0.3908107437433735 0.8671692750046882
Epoch-18 lr: 0.005 valid_loss: 0.454175230357554
Epoch :  19
Train Results (Loss and AUC):  0.3866332408881957 0.8703780328440935
Epoch-19 lr: 0.0025 valid_loss: 0.7244890639276216
Epoch :  20
Train Results (Loss and AUC):  0.3669271367852406 0.8839036802331383
Epoch-20 lr: 0.0025 valid_loss: 0.4732902019054859
Epoch :  21
Train Results (Loss and AUC):  0.36111328355086747 0.887453141213545
Epoch-21 lr: 0.0025 valid_loss: 0.5973727890165337
Epoch :  22
Train Results (Loss and AUC):  0.3557182106600013 0.8906345731885295
Epoch-22 lr: 0.0025 valid_loss: 0.6068527021191337
Epoch :  23
Train Results (Loss and AUC):  0.3514499242587756 0.8931020107429304
Epoch-23 lr: 0.0025 valid_loss: 0.4757617429479376
Epoch :  24
Train Results (Loss and AUC):  0.34848120158077567 0.894923728962663
Epoch-24 lr: 0.0025 valid_loss: 0.5578372577826182
Epoch :  25
Train Results (Loss and AUC):  0.34452290304245486 0.8971020374483675
Epoch-25 lr: 0.0025 valid_loss: 0.4519977289618868
Epoch :  26
Train Results (Loss and AUC):  0.3423318197009384 0.8983992940573289
Epoch-26 lr: 0.0025 valid_loss: 0.7049018971589737
Epoch :  27
Train Results (Loss and AUC):  0.338459240300681 0.9004217202039767
Epoch-27 lr: 0.0025 valid_loss: 0.49006132207391584
Epoch :  28
Train Results (Loss and AUC):  0.33700358957372684 0.9012640217416512
Epoch-28 lr: 0.0025 valid_loss: 0.609335529339778
Epoch :  29
Train Results (Loss and AUC):  0.33342654737093114 0.903220589338092
Epoch-29 lr: 0.0025 valid_loss: 0.8383272096708223
Epoch :  30
Train Results (Loss and AUC):  0.3319933839382664 0.9039539542166773
Epoch-30 lr: 0.00125 valid_loss: 0.5015602004734468
Epoch :  31
Train Results (Loss and AUC):  0.31923691101612583 0.9108343873875471
Epoch-31 lr: 0.00125 valid_loss: 0.6044879408625813
Epoch :  32
Train Results (Loss and AUC):  0.3150612116821351 0.9129033195666066
Epoch-32 lr: 0.00125 valid_loss: 0.458823739708244
Epoch :  33
Train Results (Loss and AUC):  0.31267622997683864 0.9140697992908863
Epoch-33 lr: 0.00125 valid_loss: 0.5787883728613585
Epoch :  34
Train Results (Loss and AUC):  0.3113745508014515 0.9147753991055345
Epoch-34 lr: 0.00125 valid_loss: 0.5419904187128142
Epoch :  35
Train Results (Loss and AUC):  0.3098611213026508 0.9155472708303974
Epoch-35 lr: 0.00125 valid_loss: 0.4840267197394268
Epoch :  36
Train Results (Loss and AUC):  0.308822900249112 0.916123157521871
Epoch-36 lr: 0.00125 valid_loss: 0.5299240639715483
Epoch :  37
Train Results (Loss and AUC):  0.30796892279258337 0.9166556483958141
Epoch-37 lr: 0.00125 valid_loss: 0.4678676485757291
Epoch :  38
Train Results (Loss and AUC):  0.3063053256561679 0.9175352094053684
Epoch-38 lr: 0.00125 valid_loss: 0.5068863452254951
Epoch :  39
Train Results (Loss and AUC):  0.30551760925721094 0.9180354281881132
Epoch-39 lr: 0.00125 valid_loss: 0.5084010797403592
Epoch :  40
