/s/chromatin/p/nobackup/Saira/original/satori/data/Arabidopsis_ChromAccessibility/atAll_m200_s600 36
Epoch :  1
Train Results (Loss and AUC):  0.5802262625707093 0.6134287628599489
Best Validation Loss: 0.608 and AUC: 0.60 

Epoch-1 lr: 0.001 valid_loss: 0.6080413981949612
Epoch :  2
Train Results (Loss and AUC):  0.5313604850281951 0.7196307804746241
Best Validation Loss: 0.587 and AUC: 0.70 

Epoch-2 lr: 0.001 valid_loss: 0.5870449909400114
Epoch :  3
Train Results (Loss and AUC):  0.5557396574046022 0.7324965047573253
Epoch-3 lr: 0.001 valid_loss: 0.5967862208684286
Epoch :  4
Train Results (Loss and AUC):  0.5952781395245624 0.7206153620467671
Epoch-4 lr: 0.001 valid_loss: 0.6070851564923406
Epoch :  5
Train Results (Loss and AUC):  0.6239713613704968 0.6917003694634968
Epoch-5 lr: 0.001 valid_loss: 0.6303782764967386
Epoch :  6
Train Results (Loss and AUC):  0.6431941003568711 0.6505122928197219
Epoch-6 lr: 0.001 valid_loss: 0.648456685728841
Epoch :  7
Train Results (Loss and AUC):  0.6576330587428103 0.585775774118061
Epoch-7 lr: 0.001 valid_loss: 0.6614514395788118
Epoch :  8
Train Results (Loss and AUC):  0.6675258915270529 0.5071548557734227
Epoch-8 lr: 0.001 valid_loss: 0.6700701486496699
Epoch :  9
Train Results (Loss and AUC):  0.6746397285051243 0.5018910331358521
Epoch-9 lr: 0.001 valid_loss: 0.676629320625619
Epoch :  10
Train Results (Loss and AUC):  0.6793208885577418 0.504502973321182
Epoch-10 lr: 0.001 valid_loss: 0.6800072871761405
Epoch :  11
Train Results (Loss and AUC):  0.6812622852222894 0.5014958119583304
Epoch-11 lr: 0.001 valid_loss: 0.6809542862883894
Epoch :  12
Train Results (Loss and AUC):  0.6817377995419246 0.49596349063013395
Epoch-12 lr: 0.001 valid_loss: 0.6810929672026531
Epoch :  13
Train Results (Loss and AUC):  0.6817732016245525 0.4936190865603882
Epoch-13 lr: 0.0005 valid_loss: 0.6811061243474226
Epoch :  14
Train Results (Loss and AUC):  0.6817811936460515 0.49582849186070743
Epoch-14 lr: 0.0005 valid_loss: 0.68111051960941
Epoch :  15
Train Results (Loss and AUC):  0.6817875577557472 0.49573179362941666
Epoch-15 lr: 0.0005 valid_loss: 0.6811131791118935
Epoch :  16
Train Results (Loss and AUC):  0.6817702240200453 0.49509290847094367
Epoch-16 lr: 0.0005 valid_loss: 0.6811372346176213
Epoch :  17
Train Results (Loss and AUC):  0.6817843143017062 0.4950618437703603
Epoch-17 lr: 0.0005 valid_loss: 0.6811023315826019
Epoch :  18
Train Results (Loss and AUC):  0.6817770841301128 0.49492703900030516
Epoch-18 lr: 0.0005 valid_loss: 0.6811240586367521
Epoch :  19
Train Results (Loss and AUC):  0.6817726587736478 0.4934322629512956
Epoch-19 lr: 0.0005 valid_loss: 0.6811086143250074
Epoch :  20
